<?xml version="1.0" encoding="UTF-8"?>
<!-- Generated by org.testng.reporters.JUnitReportReporter -->
<testsuite hostname="Ronak" name="com.techbeamers.test.Openbrowsertest" tests="1" failures="0" timestamp="18 Jun 2019 11:23:05 GMT" time="11.857" errors="0">
  <testcase name="openbrowser" time="11.857" classname="com.techbeamers.test.Openbrowsertest"/>
</testsuite> <!-- com.techbeamers.test.Openbrowsertest -->
