<?xml version="1.0" encoding="UTF-8"?>
<!-- Generated by org.testng.reporters.JUnitReportReporter -->
<testsuite skipped="0" hostname="Ronak" name="config.StartBrowser" tests="1" failures="0" timestamp="15 Aug 2019 10:42:23 GMT" time="5.446" errors="0">
  <testcase name="lanuch" time="5.446" classname="config.StartBrowser"/>
</testsuite> <!-- config.StartBrowser -->
