<?xml version="1.0" encoding="UTF-8"?>
<!-- Generated by org.testng.reporters.JUnitReportReporter -->
<testsuite skipped="0" hostname="Ronak" name="scripts.Test01" tests="2" failures="0" timestamp="16 Aug 2019 19:17:07 GMT" time="15.575" errors="0">
  <testcase name="lanuch" time="4.802" classname="scripts.Test01"/>
  <testcase name="testlogin" time="10.773" classname="scripts.Test01"/>
</testsuite> <!-- scripts.Test01 -->
